<?xml version="1.0" encoding="UTF-8"?>
<!-- Generated by org.testng.reporters.JUnitReportReporter -->
<testsuite skipped="0" hostname="Deebz-PC" name="com.frame.tests.SwitchFrame" tests="1" failures="0" timestamp="2022-06-18T19:47:25 BST" time="22.965" errors="0">
  <testcase name="switchFrame" time="22.965" classname="com.frame.tests.SwitchFrame"/>
</testsuite> <!-- com.frame.tests.SwitchFrame -->
