<?xml version="1.0" encoding="UTF-8"?>
<!-- Generated by org.testng.reporters.JUnitReportReporter -->
<testsuite skipped="0" hostname="Deebz-PC" name="screenshots.ScreenShot2" tests="1" failures="0" timestamp="2022-06-28T10:40:43 BST" time="13.485" errors="0">
  <testcase name="screenShotTest" time="13.485" classname="screenshots.ScreenShot2"/>
</testsuite> <!-- screenshots.ScreenShot2 -->
