<?xml version="1.0" encoding="UTF-8"?>
<!-- Generated by org.testng.reporters.JUnitReportReporter -->
<testsuite skipped="0" hostname="Deebz-PC" name="com.practice.selenium.AlertInJavScr" tests="1" failures="0" timestamp="2022-06-30T15:09:56 BST" time="0.144" errors="0">
  <testcase name="alertJS" time="0.144" classname="com.practice.selenium.AlertInJavScr"/>
</testsuite> <!-- com.practice.selenium.AlertInJavScr -->
