<?xml version="1.0" encoding="UTF-8"?>
<!-- Generated by org.testng.reporters.JUnitReportReporter -->
<testsuite skipped="0" hostname="Deebz-PC" name="webtables.WebTableWholeTable" tests="1" failures="0" timestamp="2022-06-23T14:56:58 BST" time="27.781" errors="0">
  <testcase name="WebTables" time="27.781" classname="webtables.WebTableWholeTable"/>
</testsuite> <!-- webtables.WebTableWholeTable -->
