<?xml version="1.0" encoding="UTF-8"?>
<!-- Generated by org.testng.reporters.JUnitReportReporter -->
<testsuite skipped="0" hostname="Deebz-PC" name="com.test.ng.TestNGDemo" tests="1" failures="0" timestamp="2022-06-16T18:02:34 BST" time="0.031" errors="0">
  <testcase name="setUp" time="0.031" classname="com.test.ng.TestNGDemo"/>
</testsuite> <!-- com.test.ng.TestNGDemo -->
