<?xml version="1.0" encoding="UTF-8"?>
<!-- Generated by org.testng.reporters.JUnitReportReporter -->
<testsuite skipped="0" hostname="Deebz-PC" name="com.test.ng.MultipleWindows2" tests="1" failures="0" timestamp="2022-06-17T16:19:32 BST" time="27.637" errors="0">
  <testcase name="clickOnFaceBookLink" time="27.637" classname="com.test.ng.MultipleWindows2"/>
</testsuite> <!-- com.test.ng.MultipleWindows2 -->
