<?xml version="1.0" encoding="UTF-8"?>
<!-- Generated by org.testng.reporters.JUnitReportReporter -->
<testsuite skipped="0" hostname="Deebz-PC" name="com.synchronisation.wait.FluentWaitEx" tests="1" failures="0" timestamp="2022-06-22T19:29:02 BST" time="16.752" errors="0">
  <testcase name="ExplicitWaitTest" time="16.752" classname="com.synchronisation.wait.FluentWaitEx"/>
</testsuite> <!-- com.synchronisation.wait.FluentWaitEx -->
