<?xml version="1.0" encoding="UTF-8"?>
<!-- Generated by org.testng.reporters.JUnitReportReporter -->
<testsuite skipped="0" hostname="Deebz-PC" name="screenshots.ScreenShotDemo1" tests="1" failures="0" timestamp="2022-06-27T18:15:49 BST" time="15.650" errors="0">
  <testcase name="screenShotTest" time="15.650" classname="screenshots.ScreenShotDemo1"/>
</testsuite> <!-- screenshots.ScreenShotDemo1 -->
