<?xml version="1.0" encoding="UTF-8"?>
<!-- Generated by org.testng.reporters.JUnitReportReporter -->
<testsuite skipped="0" hostname="Deebz-PC" name="com.test.ng.TestNGDemo1" tests="4" failures="0" timestamp="2022-06-16T18:57:42 BST" time="0.016" errors="0">
  <testcase name="registrationTest" time="0.008" classname="com.test.ng.TestNGDemo1"/>
  <testcase name="logInTest" time="0.002" classname="com.test.ng.TestNGDemo1"/>
  <testcase name="changePasswrdTest" time="0.003" classname="com.test.ng.TestNGDemo1"/>
  <testcase name="forgotPasswrdTest" time="0.003" classname="com.test.ng.TestNGDemo1"/>
</testsuite> <!-- com.test.ng.TestNGDemo1 -->
