<?xml version="1.0" encoding="UTF-8"?>
<!-- Generated by org.testng.reporters.JUnitReportReporter -->
<testsuite skipped="0" hostname="Deebz-PC" name="com.frame.tests.FrameTest" tests="1" failures="0" timestamp="2022-07-02T16:31:09 BST" time="19.386" errors="0">
  <testcase name="frameWorkSwitching" time="19.386" classname="com.frame.tests.FrameTest"/>
</testsuite> <!-- com.frame.tests.FrameTest -->
