<?xml version="1.0" encoding="UTF-8"?>
<!-- Generated by org.testng.reporters.JUnitReportReporter -->
<testsuite skipped="0" hostname="Deebz-PC" name="com.test.ng.CommonCodeWindowHandling" tests="1" failures="0" timestamp="2022-06-18T14:52:45 BST" time="26.334" errors="0">
  <testcase name="multipleWindowsTest" time="26.334" classname="com.test.ng.CommonCodeWindowHandling"/>
</testsuite> <!-- com.test.ng.CommonCodeWindowHandling -->
