<?xml version="1.0" encoding="UTF-8"?>
<!-- Generated by org.testng.reporters.JUnitReportReporter -->
<testsuite skipped="0" hostname="Deebz-PC" name="webtables.WebTable" tests="1" failures="0" timestamp="2022-06-23T14:38:07 BST" time="15.801" errors="0">
  <testcase name="WebTables" time="15.801" classname="webtables.WebTable"/>
</testsuite> <!-- webtables.WebTable -->
