<?xml version="1.0" encoding="UTF-8"?>
<!-- Generated by org.testng.reporters.JUnitReportReporter -->
<testsuite skipped="0" hostname="Deebz-PC" name="practice.misc.DragAndDropDemo" tests="1" failures="0" timestamp="2022-07-01T15:48:17 BST" time="5.425" errors="0">
  <testcase name="dragAndDropTest" time="5.425" classname="practice.misc.DragAndDropDemo"/>
</testsuite> <!-- practice.misc.DragAndDropDemo -->
