<?xml version="1.0" encoding="UTF-8"?>
<!-- Generated by org.testng.reporters.JUnitReportReporter -->
<testsuite skipped="0" hostname="Deebz-PC" name="webtables.HandlingWebTablesInSelenium" tests="1" failures="0" timestamp="2022-06-23T18:04:50 BST" time="61.506" errors="0">
  <testcase name="WebTables" time="61.506" classname="webtables.HandlingWebTablesInSelenium"/>
</testsuite> <!-- webtables.HandlingWebTablesInSelenium -->
