<?xml version="1.0" encoding="UTF-8"?>
<!-- Generated by org.testng.reporters.JUnitReportReporter -->
<testsuite skipped="0" hostname="Deebz-PC" name="com.synchronisation.wait.ImplicitWaitMethods" tests="1" failures="0" timestamp="2022-06-22T18:26:19 BST" time="11.625" errors="0">
  <testcase name="waitTest" time="11.625" classname="com.synchronisation.wait.ImplicitWaitMethods"/>
</testsuite> <!-- com.synchronisation.wait.ImplicitWaitMethods -->
