<?xml version="1.0" encoding="UTF-8"?>
<!-- Generated by org.testng.reporters.JUnitReportReporter -->
<testsuite skipped="0" hostname="Deebz-PC" name="com.test.ng.MultipleWindows" tests="1" failures="0" timestamp="2022-06-17T14:28:12 BST" time="21.897" errors="0">
  <testcase name="multipleWindowsTest" time="21.897" classname="com.test.ng.MultipleWindows"/>
</testsuite> <!-- com.test.ng.MultipleWindows -->
