<?xml version="1.0" encoding="UTF-8"?>
<!-- Generated by org.testng.reporters.JUnitReportReporter -->
<testsuite skipped="0" hostname="Deebz-PC" name="javascript.executor.JavaScriptExecutorDemo" tests="1" failures="0" timestamp="2022-06-28T11:05:08 BST" time="12.093" errors="0">
  <testcase name="javaScriptExecutorTest" time="12.093" classname="javascript.executor.JavaScriptExecutorDemo"/>
</testsuite> <!-- javascript.executor.JavaScriptExecutorDemo -->
