<?xml version="1.0" encoding="UTF-8"?>
<!-- Generated by org.testng.reporters.JUnitReportReporter -->
<testsuite skipped="0" hostname="Deebz-PC" name="webtables.DynamicWebTable" tests="1" failures="0" timestamp="2022-06-23T15:27:53 BST" time="21.074" errors="0">
  <testcase name="WebTables" time="21.074" classname="webtables.DynamicWebTable"/>
</testsuite> <!-- webtables.DynamicWebTable -->
