<?xml version="1.0" encoding="UTF-8"?>
<!-- Generated by org.testng.reporters.JUnitReportReporter -->
<testsuite skipped="0" hostname="Deebz-PC" name="com.alert.handling.AlertsInJavaScript" tests="1" failures="0" timestamp="2022-06-21T15:36:55 BST" time="12.312" errors="0">
  <testcase name="alertHandle" time="12.312" classname="com.alert.handling.AlertsInJavaScript"/>
</testsuite> <!-- com.alert.handling.AlertsInJavaScript -->
