<?xml version="1.0" encoding="UTF-8"?>
<!-- Generated by org.testng.reporters.JUnitReportReporter -->
<testsuite skipped="0" hostname="Deebz-PC" name="com.frame.DragAndDrop" tests="1" failures="0" timestamp="2022-06-21T15:58:59 BST" time="17.889" errors="0">
  <testcase name="dragDropItem1" time="17.889" classname="com.frame.DragAndDrop"/>
</testsuite> <!-- com.frame.DragAndDrop -->
