<?xml version="1.0" encoding="UTF-8"?>
<!-- Generated by org.testng.reporters.JUnitReportReporter -->
<testsuite skipped="0" hostname="Deebz-PC" name="javascript.executor.JavaScriptExecutorPractice1" tests="1" failures="0" timestamp="2022-06-28T11:32:50 BST" time="0.095" errors="0">
  <testcase name="javaScriptExecutorTest" time="0.095" classname="javascript.executor.JavaScriptExecutorPractice1"/>
</testsuite> <!-- javascript.executor.JavaScriptExecutorPractice1 -->
