<?xml version="1.0" encoding="UTF-8"?>
<!-- Generated by org.testng.reporters.JUnitReportReporter -->
<testsuite skipped="0" hostname="Deebz-PC" name="webtables.PracticeDynamicWebTables" tests="1" failures="0" timestamp="2022-06-24T10:32:30 BST" time="1.369" errors="0">
  <testcase name="WebTablesTest" time="1.369" classname="webtables.PracticeDynamicWebTables"/>
</testsuite> <!-- webtables.PracticeDynamicWebTables -->
